mode: set
github.com/patrickjahns/openvpn_exporter/pkg/collector/exporter.go:30.151,53.2 1 0
github.com/patrickjahns/openvpn_exporter/pkg/collector/exporter.go:56.65,59.2 2 0
github.com/patrickjahns/openvpn_exporter/pkg/collector/exporter.go:62.65,86.2 3 0
github.com/patrickjahns/openvpn_exporter/pkg/collector/openvpn.go:34.121,90.2 1 0
github.com/patrickjahns/openvpn_exporter/pkg/collector/openvpn.go:93.65,98.28 5 0
github.com/patrickjahns/openvpn_exporter/pkg/collector/openvpn.go:98.28,102.3 3 0
github.com/patrickjahns/openvpn_exporter/pkg/collector/openvpn.go:103.2,103.32 1 0
github.com/patrickjahns/openvpn_exporter/pkg/collector/openvpn.go:107.65,108.39 1 0
github.com/patrickjahns/openvpn_exporter/pkg/collector/openvpn.go:108.39,110.3 1 0
github.com/patrickjahns/openvpn_exporter/pkg/collector/openvpn.go:113.85,119.16 3 0
github.com/patrickjahns/openvpn_exporter/pkg/collector/openvpn.go:119.16,127.3 4 0
github.com/patrickjahns/openvpn_exporter/pkg/collector/openvpn.go:129.2,131.43 3 0
github.com/patrickjahns/openvpn_exporter/pkg/collector/openvpn.go:131.43,139.29 3 0
github.com/patrickjahns/openvpn_exporter/pkg/collector/openvpn.go:139.29,140.36 1 0
github.com/patrickjahns/openvpn_exporter/pkg/collector/openvpn.go:140.36,141.13 1 0
github.com/patrickjahns/openvpn_exporter/pkg/collector/openvpn.go:143.4,143.54 1 0
github.com/patrickjahns/openvpn_exporter/pkg/collector/openvpn.go:143.54,148.13 2 0
github.com/patrickjahns/openvpn_exporter/pkg/collector/openvpn.go:150.4,168.5 4 0
github.com/patrickjahns/openvpn_exporter/pkg/collector/openvpn.go:171.2,201.3 5 0
github.com/patrickjahns/openvpn_exporter/pkg/collector/openvpn.go:204.48,205.25 1 1
github.com/patrickjahns/openvpn_exporter/pkg/collector/openvpn.go:205.25,206.16 1 1
github.com/patrickjahns/openvpn_exporter/pkg/collector/openvpn.go:206.16,208.4 1 1
github.com/patrickjahns/openvpn_exporter/pkg/collector/openvpn.go:210.2,210.14 1 1
github.com/patrickjahns/openvpn_exporter/pkg/openvpn/parser.go:47.37,49.2 1 1
github.com/patrickjahns/openvpn_exporter/pkg/openvpn/parser.go:56.52,58.16 2 1
github.com/patrickjahns/openvpn_exporter/pkg/openvpn/parser.go:58.16,60.3 1 1
github.com/patrickjahns/openvpn_exporter/pkg/openvpn/parser.go:61.2,63.16 3 0
github.com/patrickjahns/openvpn_exporter/pkg/openvpn/parser.go:63.16,65.3 1 0
github.com/patrickjahns/openvpn_exporter/pkg/openvpn/parser.go:66.2,66.20 1 0
github.com/patrickjahns/openvpn_exporter/pkg/openvpn/parser.go:69.36,73.2 3 1
github.com/patrickjahns/openvpn_exporter/pkg/openvpn/parser.go:75.32,77.2 1 1
github.com/patrickjahns/openvpn_exporter/pkg/openvpn/parser.go:79.51,81.57 2 1
github.com/patrickjahns/openvpn_exporter/pkg/openvpn/parser.go:81.57,83.3 1 1
github.com/patrickjahns/openvpn_exporter/pkg/openvpn/parser.go:84.2,84.51 1 1
github.com/patrickjahns/openvpn_exporter/pkg/openvpn/parser.go:84.51,86.3 1 1
github.com/patrickjahns/openvpn_exporter/pkg/openvpn/parser.go:87.2,87.52 1 1
github.com/patrickjahns/openvpn_exporter/pkg/openvpn/parser.go:87.52,89.3 1 1
github.com/patrickjahns/openvpn_exporter/pkg/openvpn/parser.go:90.2,90.44 1 1
github.com/patrickjahns/openvpn_exporter/pkg/openvpn/parser.go:93.55,98.21 5 1
github.com/patrickjahns/openvpn_exporter/pkg/openvpn/parser.go:98.21,100.49 2 1
github.com/patrickjahns/openvpn_exporter/pkg/openvpn/parser.go:100.49,102.4 1 1
github.com/patrickjahns/openvpn_exporter/pkg/openvpn/parser.go:102.9,102.57 1 1
github.com/patrickjahns/openvpn_exporter/pkg/openvpn/parser.go:102.57,104.18 2 1
github.com/patrickjahns/openvpn_exporter/pkg/openvpn/parser.go:104.18,106.5 1 1
github.com/patrickjahns/openvpn_exporter/pkg/openvpn/parser.go:107.9,107.30 1 1
github.com/patrickjahns/openvpn_exporter/pkg/openvpn/parser.go:107.30,108.34 1 1
github.com/patrickjahns/openvpn_exporter/pkg/openvpn/parser.go:108.34,119.5 4 1
github.com/patrickjahns/openvpn_exporter/pkg/openvpn/parser.go:122.2,127.8 1 1
github.com/patrickjahns/openvpn_exporter/pkg/openvpn/parser.go:130.78,136.21 6 1
github.com/patrickjahns/openvpn_exporter/pkg/openvpn/parser.go:136.21,138.46 2 1
github.com/patrickjahns/openvpn_exporter/pkg/openvpn/parser.go:138.46,141.4 2 1
github.com/patrickjahns/openvpn_exporter/pkg/openvpn/parser.go:141.9,141.40 1 1
github.com/patrickjahns/openvpn_exporter/pkg/openvpn/parser.go:141.40,153.4 5 1
github.com/patrickjahns/openvpn_exporter/pkg/openvpn/parser.go:153.9,153.41 1 1
github.com/patrickjahns/openvpn_exporter/pkg/openvpn/parser.go:153.41,155.18 2 1
github.com/patrickjahns/openvpn_exporter/pkg/openvpn/parser.go:155.18,157.5 1 1
github.com/patrickjahns/openvpn_exporter/pkg/openvpn/parser.go:158.9,158.34 1 1
github.com/patrickjahns/openvpn_exporter/pkg/openvpn/parser.go:158.34,165.4 2 1
github.com/patrickjahns/openvpn_exporter/pkg/openvpn/parser.go:167.2,172.8 1 1
